<?xml version="1.0" encoding="UTF-8"?>
<!-- Generated by org.testng.reporters.JUnitReportReporter -->
<testsuite hostname="DESKTOP-PRRP3FV" failures="0" tests="1" name="TestCases.LoginTest" time="18.085" errors="0" timestamp="2024-11-17T19:11:33 IST" skipped="0">
  <testcase classname="TestCases.LoginTest" name="testValidLogin" time="18.085"/>
</testsuite> <!-- TestCases.LoginTest -->
